<?xml version="1.0"?>
<testrun>
<section id="searchengine">
<l>1|Google|Google Search|false|null|data:image/x-icon;base64,R0lGODlhEAAQAPfLAAATVikwdA8SnxUfgAsWpAAilholjxw4jBc7kwAlvQQ2sRMsoBUqqhMzuhY/vxw4tSgmiyM1mSUztiQ6sTE3sQ4qyxMxxRoyxiAuxR1CtBxJsBxasSJuuTFguBte0Rlf2xVc9h9W9xVjzxVr0gdj6BRh4R1o5yBcyiZbyydT1i9b2Ddb1iFY6CJg2Vpor1dzvEJu20Z0yi23QDy1REi2OUy0O1WzOVC4PU+tVUe5Sk2xQU2zRUO4UE21Ula2SmKEqWWF2HyPx2+a6X6e6Xqk1m+s78sUDs4UGdEQB9YfDdwaANEfHd0YEscjAM4mAM0qANIoD9IkGdslGswuItYgL4aP0ImP2YGZ36Opzaq2wq/S+rzX/7/e8MrS1MLO/sTb48rT8snX/83c89PZ+crq+cH1/9Dl/9Ln/93r/9fy/+Hf7P/42eDm/O7u/+T29uX2/eT2/+f4/+f5/+j/9u//8+3/9u7/9ur5/+j//+n//+v//u3//+7//e7//+////b66/T/6vX/6/f/7f/07fj/4fv/4Pj/5v/45v7/4/r+7/3/6fDw+Pfx//D/9/X/8fT/8/f/8ff/8/D///H///L8/fL///P///X7//b6/ff/+/T///b9//f///v19//w9v/09P/29v/x+f/y///z///1+v/1///2///3//j79P/58/z/8/z99/z/9v7/9P7/9vn7//v6//j9//n9//j///n///v//vv////4+v/5+//6+P/4///6/P/6/v/6///7///9+P/8+v/9+v7/+Pz////8/f/9/f79///8///9//7//////////wAAAAAAAAAAAAAAAAAAAAAAAAAAAAAAAAAAAAAAAAAAAAAAAAAAAAAAAAAAAAAAAAAAAAAAAAAAAAAAAAAAAAAAAAAAAAAAAAAAAAAAAAAAAAAAAAAAAAAAAAAAAAAAAAAAAAAAAAAAAAAAAAAAAAAAAAAAAAAAAAAAAAAAAAAAAAAAAAAAAAAAAAAAAAAAAAAAAAAAAAAAAAAAACH5BAEAAMsALAAAAAAQABAAAAj/AEn4oIFjBw8bOnrMuJGjhowZM1T8UdYJUZ5ZcNRYWjSrVK5QU0DMmtUnzRAXEy4o6FCEy6NDTkQIq1MmRgM0eZTlCXMgQJtRSE4gmgUkwh1EiZTNUiamy6NUUExcuoJgDCdDjQg9KgVL2SNFT1hwEvKglLBWuixZ+jSrlSBdRlL04bBBkTBdpZTpIqWsFaBcTEr0QaEhl6dWlswKW6poDRUPlmAUQKWMkTJLc76QMQNGUZMWgIgkCFJnlq5WXigwkFClVZQQyuRgELAlk7JBymCZGYAF0ZEPrQixgUDAihxVdPpoAZAFUZIRfThxgvPCwAILDipk+OFG2ZIVoxApERtPfvwlvZ+kQFzPvv0MJQEBADs=</l>
<l>1|Google|http://www.google.com/search?q=foo&amp;ie=utf-8&amp;oe=utf-8&amp;aq=t&amp;rls=org.mozilla:sv-SE:official&amp;client=firefox-a</l>
<l>1|Google|http://www.google.com/firefox</l>
<l>1|Google|http://suggestqueries.google.com/complete/search?output=firefox&amp;client=firefox&amp;hl=sv-SE&amp;q=foo</l>
<l>2|Yahoo|Yahoo Sök|false|null|data:image/x-icon;base64,R0lGODlhEAAQAJECAP8AAAAAAP///wAAACH5BAEAAAIALAAAAAAQABAAAAIplI+py+0NogQuyBDEnEd2kHkfFWUamEzmpZSfmaIHPHrRguUm/fT+UwAAOw==</l>
<l>2|Yahoo|http://se.search.yahoo.com/search?p=foo&amp;ei=UTF-8&amp;fr=moz2</l>
<l>2|Yahoo|http://se.search.yahoo.com/</l>
<l>2|Yahoo|none</l>
<l>3|Allaannonser|Allaannonser|false|null|data:image/x-icon;base64,iVBORw0KGgoAAAANSUhEUgAAABAAAAAQCAIAAACQkWg2AAAABnRSTlMA/wD/AP83WBt9AAAACXBIWXMAAAsTAAALEwEAmpwYAAACPElEQVR42nVSS0iUYRQ995tfZ8YZlXF8gqUWUlJgkwUV0cKwRe3ctzDa9Ni1DqKNWtSih1QGtqkWgRa50VW1EMLUENNBMXXKsRpH/Wd0nv//nRZjmUJndeEeOOeee4QkdoCElWAsDHeJFPh3LI2tMR1DZJLD98Wcp8Mp5gKchTx5HW6/lB2ApyzHkpwCU6t4fR7LXyT2HeKAMgCANrQF5WDTFTndAZX3RyETx/AD+ToAZbCuBY1tqDoKpfBrAuM9MjuAsSe0UnLqBjxlIKmDb9jpZWeh/nCTiRX+i3RcjzzinVK2u/T8O5IKABMRWGnub5Vj1+D2bbsx3yuNbWy6DGqEh3M+Lf3iDG8VazPE/0Cn47xXw+4A03HF1KqY31gRkMJqBvv0xMttCX9+xum3ku/l3rNIrnBt3kBmHXYWvj0QQTKKbGKbpUQEIgDgrYKdkUzcgDIgCtl1ABK4iGxSR2ekwA/DxfiSHLqw+Ts7AxEqh4GCUriKEf5EKy3KQLBPR6cBQjlhp8RbqRpa4SlH6D2cRSjarcRwsa5FNpYQ7AXA6hPKXaJ+jKrFIWWlUNuMfC8WP8rPMVYcFk85SOrIFLv2satBRya1bZHUs4P2+HNqW2tbx8LsOc67lTo0RBK53PR0P2/7+LBejz7VG8s6saITUZ0y9VQvuwPscOuRx9QWyc0ugTYnX8lQO8wQimvp9kNEkqswF+D28chVaboER95W+TZTX5vDTD9mB2HOgRpFu1DTjPpzUn7wL+c37UxbeDY2F2wAAAAASUVORK5CYII=</l>
<l>3|Allaannonser|http://www.allaannonser.se/hitlist.php?sourceid=Mozilla-search&amp;keyword=foo&amp;order=date&amp;desc=1</l>
<l>3|Allaannonser|http://www.allaannonser.se</l>
<l>3|Allaannonser|none</l>
<l>4|Amazon.co.uk|Amazon.co.uk Search|false|null|data:image/x-icon;base64,iVBORw0KGgoAAAANSUhEUgAAABAAAAAQCAYAAAAf8/9hAAAABmJLR0QA/wD/AP+gvaeTAAAACXBIWXMAAAsQAAALEAGtI711AAAAB3RJTUUH0wESEi0MqTATXwAAAjVJREFUeJyFUlGLElEU/mbVHd2aaaRgWGyJgmXRINiXfJCeRgaiLEiKgYXoRQrqRejNH7D1uNBDPvbWtGxvS64IG2IIQQhxScpYMpt1l1qdptVVZ+z2oM6qu9KBC4dzv/Od73z3AmPROmjeVlWVKopCRVGkHMdRURSpoig0lUrRcfxI6LoelWV5GwCddOLx+PEklmVej0QiI80Oh4OyLHuE5Fgl/aJ9gsEgzefzm4SQzVgs9n8VqqqO7EwIsUGEkEscx9kEsizbd85BEo3eenzzRkRstTsfAVwRBOH+EP/DSb4x4wVN0wq5XE7MZDKz5XIZlUoFtVoNu7u7NkaWZaTTaWZEQV8qDYfDKBaLkwZOVkAI8UuS9GkwiWVZNBr7sLZeo1V6hb/GFrxGwW6s84twzYbgGBRM0/yZzWZtQCKRQGhuD80PT0DbdUzxF9DmA2jzAbiNIjztHUzvvT+UIoqi7TLHcVTX9QeWZVLLMikh5Nzwf2h9USlNgtIk6NSAoNlsYjgXBOG50+liAGCe3/72ayOGP28f9fZ2ewEAv89GYRMEAgGboNvtYjBtf0PB9BsZJz8/Q7dR7d3Xeia75+/0XsGyTEqNrzC/p9HVSzCr7w4N+7GGOr+IE6GnOH3+KgCgo2XhAeCak+DU16PUWL0Mr1EYfdO+027/PZxaWIKJmY4kSaX1lysXnat+HARXMOM5wzA0iSP/etDILixhp9aGz+djAEDTtLt8aflFt1GFcG2NAYB/rN8dqx12fbIAAAAASUVORK5CYII=</l>
<l>4|Amazon.co.uk|http://www.amazon.co.uk/exec/obidos/external-search/?field-keywords=foo&amp;mode=blended&amp;tag=firefox-uk-21&amp;sourceid=Mozilla-search</l>
<l>4|Amazon.co.uk|http://www.amazon.co.uk/</l>
<l>4|Amazon.co.uk|none</l>
<l>5|Answers.com|Dictionary Search on Answers.com|false|null|data:image/x-icon;base64,AAABAAEAEBAAAAEAIABoBAAAFgAAACgAAAAQAAAAIAAAAAEAIAAAAAAAAAAAABMLAAATCwAAAAAAAAAAAAAAAAAAAAAAAAAAAAAAAAAA////K////4f////E////5f///+n////P////mv///0EAAAAAAAAAAAAAAAAAAAAAAAAAAAAAAAD///8E////fv///+//////////////////////7NnP/+LFtv/////+////of///xYAAAAAAAAAAAAAAAD///8D////lf////////////j0//bi1v/OlXf/tGU9/6FCEv/OmH3////////////////D////FgAAAAAAAAAA////avPm4P/evaz/8NbI//7r3//23M3/xYRi/5kzAP/Df1z//u/l//749P/v4dn/+PPw/////6j///8B////GP///+W/f1//smM7//bczf/+69///uvf/9ytlP+ZMwD/5se3/+/f1//AgmP/nj0N/927qv/////+////QP///2z/////8NvQ/8WCYP/+69///uvf//7r3/+7ckz/pUkb/9m1ov+ePQ3/okUW/8+fh//38O3//////////5r///+t//////7y6v/Cflv/58Cr//DRwP/mwKv/okQU/8ODYv/cuqj/yZN4//Tq5f/+9e///vDn///////////Q////yf/////+7+b/05yA/65ZLv+9dVD/sF40/5kzAP/kvKb//vTu//Tr5v/7+Pb//vfz//707f//////////6f///8X//////vDm/+K4ov/KjGz//ure/8uNbf+jRBX/+OTX/+3b0v+jSBr/pk0h/717Wv/Wrpr//Pn4/////+b///+i//////7z7f/02Mj/wn5b//vl2P+uWS7/vXhU//v49//48u//1q6a/717Wv+oUSb/tWxH//jz8P/////K////V///////+/j//ure/8aFZP/fs5v/oEAQ/9q1o/+zaEL/1ayX//718P/+9/P/+PHu//jz8P//////////h////wr////O///////38v/YpYr/tGQ7/6ZLHf/06eX/s2dB/549Df/x49z//vDn//7x6f//////////8////yoAAAAA////R/////v/////7dXI/5kzAP+7cUv//vHp/+vYzv+bNwX/vHlY//38/P///////////////30AAAAAAAAAAAAAAAD///9n////+/z5+P++e1n/3LGc//7w5//++PT/0KKL/8OIa//9/Pv//////////5X///8GAAAAAAAAAAAAAAAAAAAAAP///0n////K///////////////////////////+/v7/////5v///2z///8CAAAAAAAAAAAAAAAAAAAAAAAAAAAAAAAA////Cv///1f///+g////xP///8n///+r////bP///xoAAAAAAAAAAAAAAAAAAAAA+B////AH///AA///wAH//4AB//+AAP//AAD//wAA//8AAP//AAD//4AA//+AAf//wAP//+AD///wD////D///w==</l>
<l>5|Answers.com|http://www.answers.com/main/ntquery?s=foo&amp;gwp=13</l>
<l>5|Answers.com|http://www.answers.com/</l>
<l>5|Answers.com|http://www.answers.com/main/startswith?output=json&amp;client=firefox&amp;s=foo</l>
<l>6|Creative Commons|Find photos, movies, music, and text to rip, sample, mash, and share.|false|null|data:image/x-icon;base64,iVBORw0KGgoAAAANSUhEUgAAABAAAAAQCAMAAAAoLQ9TAAAABGdBTUEAANbY1E9YMgAAABl0RVh0U29mdHdhcmUAQWRvYmUgSW1hZ2VSZWFkeXHJZTwAAAA2UExURf///wAAAD8/P+/v7y8vL19fX9/f37+/vw8PD8/Pz09PT5+fn4+Pj6+vr29vbx8fH39/f////3TGU44AAAASdFJOU///////////////////////AOK/vxIAAACWSURBVHjaNI8LEsQgCEMJIvi3vf9lN3bbN6MD0USUm3QFaVNYc7kBuvLZ0xG8oLkQV1iiYBjyktFE+tk+FCEGl3oFT0aSQBaoVDAmAyWkmOCitVfHTvV4BEsWxqyleE+PYLQAi5b9WJShPnh7MnQytDP1IxmfvZXq22dkTkpZ4/TT/qPfiX/dqoXJz+dItE0tx6l/AgwA0e4FeJjn5bsAAAAASUVORK5CYII=</l>
<l>6|Creative Commons|http://search.creativecommons.org/?q=foo&amp;sourceid=Mozilla-search</l>
<l>6|Creative Commons|http://search.creativecommons.org/</l>
<l>6|Creative Commons|none</l>
<l>7|eBay.co.uk|eBay - Online auctions UK|false|null|data:image/x-icon;base64,R0lGODlhEAAQAMQAAAAAAMz/zMwAADMAzOfn1sxmAP///5kAZpnM////AACZM/777zPMAP+ZAP8AAP9mmf/MzMwAZjNmAADMM/+ZM/9mM//MMwAAAAAAAAAAAAAAAAAAAAAAAAAAAAAAAAAAACH5BAQUAP8ALAAAAAAQABAAAAVPoCGOZGmeaKqiQDkMYqAoBqMELpxUlVTfBohjeHjBLJLZZCF0GASOAWJQSFAUE1FTwIUNKoYKTQslGCLSb6MBFD2G3Zdo0k4tVvi8fl8KAQA7</l>
<l>7|eBay.co.uk|http://search.ebay.co.uk/search/search.dll?query=foo&amp;MfcISAPICommand=GetResult&amp;ht=1&amp;ebaytag1=ebayreg&amp;srchdesc=n&amp;maxRecordsReturned=300&amp;maxRecordsPerPage=50&amp;SortProperty=MetaEndSort</l>
<l>7|eBay.co.uk|http://search.ebay.co.uk/</l>
<l>7|eBay.co.uk|none</l>
<l>8|Prisjakt|Prisjakt - jämför priser och produkter|false|null|data:image/x-icon;base64,AAABAAEAEBAQAAAAAABoBQAAFgAAACgAAAAQAAAAIAAAAAEACAAAAAAAQAEAAAAAAAAAAAAAAAAAAAAAAAAAAAAAKieMACommAAqJaMAKyauAC0prwBMSLsAZF%2FFAH16zQBwa9EAi4nTALu55QCxrvYA7Ov4AP%2F%2F%2FwBwADIAaQBjAG8AAADAHiQAfO8SAEwAAAAoJYAAjAAAAOS%2F9QBxGuYAjAAAAJgFAgAA8BIAGAAAAHDvEgDI7xIA4xq%2BAIwAAACYBQIAAPASABgAAAAAAAAA2T7GABg%2FxgDkCQUAVAAAAGDyEgChUcYA5AkFAFQAAABg8hIAAAAAAMzyEgBghgcAHjvnAPc65wDg8hIAWAcXAKzvEgCw7xIAgP4SAAlI6QBYMOgA%2F%2F%2F%2FAB475wAbrQEAYIYHAODyEgBYBxcABACkAAAApAD%2F%2F%2F8AsAgAAAAAQAAEAKQAZAAAAGIAbQBwADIAaQBjAG8ALgBlAHgAZQAAAAAAAAAAAAAAAAAAAAAAAAAAAAAAAAAAAAAAAAAAAAAAAAAAAAAAAAAAAAAAAAAAAHQAAAAAAAAAAAAAAAAAAAACAAAAXPESALgLpADoC8IAAAAAAAAAAAAAAAAAAAAAAAAAAAAAAAAA6AvCAAAAAAAAAAAAAAAAAP%2F%2F%2FwAAAAAAAAAAAAAAAAAAAAAAX6bnAAAAAAAAAAAAAAAAAAAAAAAoLxQAAAAAAAkOAgACDgIADQAAAADw%2FQAA4P0AAg4CAAkOAgAAAAAA9gvCAODyEgBSAAAAAAAAACTVpAAAAAAA%2F%2F%2F%2FAFzxEgBq8RIAXPESAMzx5wAEwPUARPESAAAAFACoRPkARQAAAHgTFAAAABQAoCAUABzxEgAg8RIAZPMSAPCI%2BgBSAAAAAAAAAJDWpAAAAAAAOor1AAAAAAAA7P0AAAAAAAAAAABwADIAaQBjAG8AAAAAAAAAAAAAAAAAAAAAAAAAAAAAAAAAAAAAAAAAAAAAAAAAAAAAAAAAAAAAAAAAAAAAAAAAAAAAAAAAAAAAAAAAAAAAAAAAAACDO8YApTbGAM0JAQAPAIUAAAAAAJDWpADNCQEAAQAAAAAAAAAAAAAAFTbGAM0JAQAAAAEAwU1BAM0JAQAAAwAABMD1AFik5wB0AAAAAAAAAOjyEgB0AAAAAAAAAAAAAAD%2F%2F%2F8AAAAAAAAAAAAAAAAAAAAAAP%2F%2F%2FwAAAAAAAAAAAAAAAAAAAAAAKC8UAAAAAABkxfUAqfHnAIwAAAAAAAAAAAAAAAAAAAB88hIAAADdAAADAAAAAAAAyfHnAAADAAAAAN0AjAAAAAAAAAAAAwAAAQAYAAAAAABw8hIAAAAAAKqb9QCzm%2FUA4PUSACQAAgAA7P0AEW5AAAUAAAAkAAIAAPD9AJzyEgACAAAAQKP1AJACAgD5m%2FUA4En8ACOj9QAro%2FUAAAAAAAgCAACgIBQAAAAAAAAAAAAAAAAAAAAAAAAAAAAAAAAVAAAAAAAAAAAAAAAACwgGFQYICwAAAAAAAAANCgUEBAEEBAUKDQAAAAAACgQEBwwCBAQEBAoAAAAACwUEBAQOAwQEBAQFCwAAAAgEBAwODg4OCQQEBAgAAAAGBAQEBAQEBA4EBAQGAAAVFQECAwwODg4MAwIBFRUAAAYEBAQOBAMEBAQEBAYAAAAIBAQECQ4ODg4MBAQIAAAACwUEBAQEAw4EBAQFCwAAAAAKBAQEBAIMBwQECgAAAAAADQoFBAQBBAQFCg0AAAAAAAAACwgGFQYICwAAAAAAAAAAAAAAABUAAAAAAAAAAP%2F%2FRgD%2B%2FwAA8B8AAMAHAADABwAAgAMAFYADAACAAwAAAAEAAIADBhWAAwsAgAMAAMAHDQrABwQB8B8FCv7%2FAAA%3D</l>
<l>8|Prisjakt|http://www.prisjakt.nu/supersearch.php?s=foo&amp;r=1&amp;e=utf8&amp;ref=155</l>
<l>8|Prisjakt|http://www.prisjakt.nu</l>
<l>8|Prisjakt|http://www.prisjakt.nu/plugins/opensearch/suggestions.php?search=foo</l>
<l>9|Tyda.se|Tyda.se, lexikon, ordlista och översättning.|false|null|data:image/x-icon;base64,iVBORw0KGgoAAAANSUhEUgAAABAAAAAQCAIAAACQkWg2AAABQklEQVR42mO8fv3GxvVbdu/ay0AcYBYRkrhx4+aXL1+I1cDCxE68agYGBiY4y93Dtbe/Q1lFiVgN4uJi+gZ6PDw8xGrQN9BlYGBwc3eWkJQIDgmIi4+GiEtISsTFR+vp6WDYICHOwMCgoqLMzc2lpKwYlxANcV5gkF9cQjQvHy+6hl079jAwMEybOuvunXvr1m5kYGBwc3dhYGCwtrF88eLlo4eP0TUgg7t37t29c8/dw1VZRUlCQvzokeOfPn/Gp4GBgWHd2o08PNyNzbUMDAzr1236+OEjAQ1Hjxz78uWrhIT4xQuXXjx/gSWU0MCXL1+PHjnGwMCwaydKqmGBsxYtXLpo4VJkOQkJcbg2wjaIioroG+hBHIaiwcbWWkJSAlNDQlIsAwPDzu270WM6IipERUUZU4OEhPjv37+fI3kXAgDUBm6U4URcZQAAAABJRU5ErkJggg==</l>
<l>9|Tyda.se|http://tyda.se/?w=foo</l>
<l>9|Tyda.se|http://tyda.se</l>
<l>9|Tyda.se|none</l>
<l>10|Wikipedia (svenska)|Wikipedia, den fria encyklopedin|false|null|data:image/x-icon;base64,AAABAAEAEBAQAAEABAAoAQAAFgAAACgAAAAQAAAAIAAAAAEABAAAAAAAAAAAAAAAAAAAAAAAEAAAAAAAAAAEAgQAhIOEAMjHyABIR0gA6ejpAGlqaQCpqKkAKCgoAPz9%2FAAZGBkAmJiYANjZ2ABXWFcAent6ALm6uQA8OjwAiIiIiIiIiIiIiI4oiL6IiIiIgzuIV4iIiIhndo53KIiIiB%2FWvXoYiIiIfEZfWBSIiIEGi%2FfoqoiIgzuL84i9iIjpGIoMiEHoiMkos3FojmiLlUipYliEWIF%2BiDe0GoRa7D6GPbjcu1yIiIiIiIiIiIiIiIiIiIiIiIiIiIiIiIgAAAAAAAAAAAAAAAAAAAAAAAAAAAAAAAAAAAAAAAAAAAAAAAAAAAAAAAAAAAAAAAAAAAAAAAAAAAAAAAAAAAAA</l>
<l>10|Wikipedia (svenska)|http://sv.wikipedia.org/wiki/Special:Search?search=foo&amp;sourceid=Mozilla-search</l>
<l>10|Wikipedia (svenska)|http://sv.wikipedia.org/wiki/Special:Search</l>
<l>10|Wikipedia (svenska)|http://sv.wikipedia.org/w/api.php?action=opensearch&amp;search=foo</l>
</section>
<section id="preferences">
<l>app.update.channel|beta</l>
<l>browser.contentHandlers.types.0.title|Netvibes</l>
<l>browser.contentHandlers.types.0.type|application/vnd.mozilla.maybe.feed</l>
<l>browser.contentHandlers.types.0.uri|http://www.netvibes.com/subscribe.php?url=%s</l>
<l>browser.contentHandlers.types.1.title|Google</l>
<l>browser.contentHandlers.types.1.type|application/vnd.mozilla.maybe.feed</l>
<l>browser.contentHandlers.types.1.uri|http://fusion.google.com/add?feedurl=%s</l>
<l>browser.contentHandlers.types.2.title|My Yahoo (en)</l>
<l>browser.contentHandlers.types.2.type|application/vnd.mozilla.maybe.feed</l>
<l>browser.contentHandlers.types.2.uri|http://add.my.yahoo.com/rss?url=%s</l>
<l>browser.contentHandlers.types.3.title|chrome://browser-region/locale/region.properties</l>
<l>browser.contentHandlers.types.3.type|application/vnd.mozilla.maybe.feed</l>
<l>browser.contentHandlers.types.3.uri|chrome://browser-region/locale/region.properties</l>
<l>browser.contentHandlers.types.4.title|chrome://browser-region/locale/region.properties</l>
<l>browser.contentHandlers.types.4.type|application/vnd.mozilla.maybe.feed</l>
<l>browser.contentHandlers.types.4.uri|chrome://browser-region/locale/region.properties</l>
<l>browser.contentHandlers.types.5.title|chrome://browser-region/locale/region.properties</l>
<l>browser.contentHandlers.types.5.type|application/vnd.mozilla.maybe.feed</l>
<l>browser.contentHandlers.types.5.uri|chrome://browser-region/locale/region.properties</l>
<l>browser.startup.homepage|http://sv-SE.start2.mozilla.com/firefox?client=firefox-a&amp;rls=org.mozilla:sv-SE:official</l>
<l>browser.startup.page|null</l>
<l>general.startup.browser|true</l>
<l>startup.homepage_override_url|http://%LOCALE%.www.mozilla.com/%LOCALE%/%APP%/%VERSION%/whatsnew/</l>
<l>startup.homepage_welcome_url|http://%LOCALE%.www.mozilla.com/%LOCALE%/%APP%/%VERSION%/firstrun/</l>
</section>
<section id="extensions">
</section>
</testrun>
